[    0.000000] Linux version 4.15.0-22-generic (buildd@lgw01-amd64-013) (gcc version 7.3.0 (Ubuntu 7.3.0-16ubuntu3)) #24-Ubuntu SMP Wed May 16 12:15:17 UTC 2018 (Ubuntu 4.15.0-22.24-generic 4.15.17)
[    0.000000] Command line: BOOT_IMAGE=/boot/vmlinuz-4.15.0-22-generic root=LABEL=cloudimg-rootfs ro console=tty1 console=ttyS0
[    0.000000] KERNEL supported cpus:
[    0.000000]   Intel GenuineIntel
[    0.000000]   AMD AuthenticAMD
[    0.000000]   Centaur CentaurHauls
[    0.000000] x86/fpu: Supporting XSAVE feature 0x001: 'x87 floating point registers'
[    0.000000] x86/fpu: Supporting XSAVE feature 0x002: 'SSE registers'
[    0.000000] x86/fpu: Supporting XSAVE feature 0x004: 'AVX registers'
[    0.000000] x86/fpu: xstate_offset[2]:  576, xstate_sizes[2]:  256
[    0.000000] x86/fpu: Enabled xstate features 0x7, context size is 832 bytes, using 'standard' format.
[    0.000000] e820: BIOS-provided physical RAM map:
[    0.000000] BIOS-e820: [mem 0x0000000000000000-0x000000000009fbff] usable
[    0.000000] BIOS-e820: [mem 0x000000000009fc00-0x000000000009ffff] reserved
[    0.000000] BIOS-e820: [mem 0x00000000000f0000-0x00000000000fffff] reserved
[    0.000000] BIOS-e820: [mem 0x0000000000100000-0x000000007ffeffff] usable
[    0.000000] BIOS-e820: [mem 0x000000007fff0000-0x000000007fffffff] ACPI data
[    0.000000] BIOS-e820: [mem 0x00000000fec00000-0x00000000fec00fff] reserved
[    0.000000] BIOS-e820: [mem 0x00000000fee00000-0x00000000fee00fff] reserved
[    0.000000] BIOS-e820: [mem 0x00000000fffc0000-0x00000000ffffffff] reserved
[    0.000000] NX (Execute Disable) protection: active
[    0.000000] random: fast init done
[    0.000000] SMBIOS 2.5 present.
[    0.000000] DMI: innotek GmbH VirtualBox/VirtualBox, BIOS VirtualBox 12/01/2006
[    0.000000] Hypervisor detected: KVM
[    0.000000] e820: last_pfn = 0x7fff0 max_arch_pfn = 0x400000000
[    0.000000] MTRR: Disabled
[    0.000000] x86/PAT: MTRRs disabled, skipping PAT initialization too.
[    0.000000] CPU MTRRs all blank - virtualized system.
[    0.000000] x86/PAT: Configuration [0-7]: WB  WT  UC- UC  WB  WT  UC- UC  
[    0.000000] found SMP MP-table at [mem 0x0009fff0-0x0009ffff] mapped at [        (ptrval)]
[    0.000000] Scanning 1 areas for low memory corruption
[    0.000000] RAMDISK: [mem 0x35b1b000-0x36d84fff]
[    0.000000] ACPI: Early table checksum verification disabled
[    0.000000] ACPI: RSDP 0x00000000000E0000 000024 (v02 VBOX  )
[    0.000000] ACPI: XSDT 0x000000007FFF0030 00003C (v01 VBOX   VBOXXSDT 00000001 ASL  00000061)
[    0.000000] ACPI: FACP 0x000000007FFF00F0 0000F4 (v04 VBOX   VBOXFACP 00000001 ASL  00000061)
[    0.000000] ACPI: DSDT 0x000000007FFF0470 0021FF (v02 VBOX   VBOXBIOS 00000002 INTL 20180105)
[    0.000000] ACPI: FACS 0x000000007FFF0200 000040
[    0.000000] ACPI: FACS 0x000000007FFF0200 000040
[    0.000000] ACPI: APIC 0x000000007FFF0240 00005C (v02 VBOX   VBOXAPIC 00000001 ASL  00000061)
[    0.000000] ACPI: SSDT 0x000000007FFF02A0 0001CC (v01 VBOX   VBOXCPUT 00000002 INTL 20180105)
[    0.000000] No NUMA configuration found
[    0.000000] Faking a node at [mem 0x0000000000000000-0x000000007ffeffff]
[    0.000000] NODE_DATA(0) allocated [mem 0x7ffc5000-0x7ffeffff]
[    0.000000] kvm-clock: cpu 0, msr 0:7ff44001, primary cpu clock
[    0.000000] kvm-clock: Using msrs 4b564d01 and 4b564d00
[    0.000000] kvm-clock: using sched offset of 4764849750 cycles
[    0.000000] clocksource: kvm-clock: mask: 0xffffffffffffffff max_cycles: 0x1cd42e4dffb, max_idle_ns: 881590591483 ns
[    0.000000] Zone ranges:
[    0.000000]   DMA      [mem 0x0000000000001000-0x0000000000ffffff]
[    0.000000]   DMA32    [mem 0x0000000001000000-0x000000007ffeffff]
[    0.000000]   Normal   empty
[    0.000000]   Device   empty
[    0.000000] Movable zone start for each node
[    0.000000] Early memory node ranges
[    0.000000]   node   0: [mem 0x0000000000001000-0x000000000009efff]
[    0.000000]   node   0: [mem 0x0000000000100000-0x000000007ffeffff]
[    0.000000] Initmem setup node 0 [mem 0x0000000000001000-0x000000007ffeffff]
[    0.000000] Reserved but unavailable: 98 pages
[    0.000000] ACPI: PM-Timer IO Port: 0x4008
[    0.000000] IOAPIC[0]: apic_id 2, version 32, address 0xfec00000, GSI 0-23
[    0.000000] ACPI: INT_SRC_OVR (bus 0 bus_irq 0 global_irq 2 dfl dfl)
[    0.000000] ACPI: INT_SRC_OVR (bus 0 bus_irq 9 global_irq 9 low level)
[    0.000000] Using ACPI (MADT) for SMP configuration information
[    0.000000] smpboot: Allowing 2 CPUs, 0 hotplug CPUs
[    0.000000] PM: Registered nosave memory: [mem 0x00000000-0x00000fff]
[    0.000000] PM: Registered nosave memory: [mem 0x0009f000-0x0009ffff]
[    0.000000] PM: Registered nosave memory: [mem 0x000a0000-0x000effff]
[    0.000000] PM: Registered nosave memory: [mem 0x000f0000-0x000fffff]
[    0.000000] e820: [mem 0x80000000-0xfebfffff] available for PCI devices
[    0.000000] Booting paravirtualized kernel on KVM
[    0.000000] clocksource: refined-jiffies: mask: 0xffffffff max_cycles: 0xffffffff, max_idle_ns: 7645519600211568 ns
[    0.000000] setup_percpu: NR_CPUS:8192 nr_cpumask_bits:2 nr_cpu_ids:2 nr_node_ids:1
[    0.000000] percpu: Embedded 46 pages/cpu @        (ptrval) s151552 r8192 d28672 u1048576
[    0.000000] PV qspinlock hash table entries: 256 (order: 0, 4096 bytes)
[    0.000000] Built 1 zonelists, mobility grouping on.  Total pages: 515961
[    0.000000] Policy zone: DMA32
[    0.000000] Kernel command line: BOOT_IMAGE=/boot/vmlinuz-4.15.0-22-generic root=LABEL=cloudimg-rootfs ro console=tty1 console=ttyS0
[    0.000000] Memory: 2015924K/2096696K available (12300K kernel code, 2470K rwdata, 4240K rodata, 2404K init, 2416K bss, 80772K reserved, 0K cma-reserved)
[    0.000000] SLUB: HWalign=64, Order=0-3, MinObjects=0, CPUs=2, Nodes=1
[    0.000000] Kernel/User page tables isolation: enabled
[    0.000000] ftrace: allocating 39081 entries in 153 pages
[    0.004000] Hierarchical RCU implementation.
[    0.004000] 	RCU restricting CPUs from NR_CPUS=8192 to nr_cpu_ids=2.
[    0.004000] 	Tasks RCU enabled.
[    0.004000] RCU: Adjusting geometry for rcu_fanout_leaf=16, nr_cpu_ids=2
[    0.004000] NR_IRQS: 524544, nr_irqs: 440, preallocated irqs: 16
[    0.004000] Console: colour VGA+ 80x25
[    0.004000] console [tty1] enabled
[    0.004000] console [ttyS0] enabled
[    0.004000] ACPI: Core revision 20170831
[    0.004000] ACPI: 2 ACPI AML tables successfully acquired and loaded
[    0.004000] APIC: Switch to symmetric I/O mode setup
[    0.004000] x2apic enabled
[    0.004008] Switched APIC routing to physical x2apic.
[    0.008969] ..TIMER: vector=0x30 apic1=0 pin1=2 apic2=-1 pin2=-1
[    0.012003] tsc: Detected 2593.996 MHz processor
[    0.012775] Calibrating delay loop (skipped) preset value.. 5187.99 BogoMIPS (lpj=10375984)
[    0.016004] pid_max: default: 32768 minimum: 301
[    0.016794] Security Framework initialized
[    0.017473] Yama: becoming mindful.
[    0.018087] AppArmor: AppArmor initialized
[    0.019473] Dentry cache hash table entries: 262144 (order: 9, 2097152 bytes)
[    0.020732] Inode-cache hash table entries: 131072 (order: 8, 1048576 bytes)
[    0.024041] Mount-cache hash table entries: 4096 (order: 3, 32768 bytes)
[    0.025142] Mountpoint-cache hash table entries: 4096 (order: 3, 32768 bytes)
[    0.026495] CPU: Physical Processor ID: 0
[    0.028005] CPU: Processor Core ID: 0
[    0.028645] mce: CPU supports 0 MCE banks
[    0.029340] Last level iTLB entries: 4KB 64, 2MB 8, 4MB 8
[    0.032005] Last level dTLB entries: 4KB 64, 2MB 0, 4MB 0, 1GB 4
[    0.033009] Spectre V2 : Mitigation: Full generic retpoline
[    0.033909] Speculative Store Bypass: Vulnerable
[    0.034783] Freeing SMP alternatives memory: 36K
[    0.040000] smpboot: CPU0: Intel(R) Core(TM) i7-5600U CPU @ 2.60GHz (family: 0x6, model: 0x3d, stepping: 0x4)
[    0.040000] Performance Events: unsupported p6 CPU model 61 no PMU driver, software events only.
[    0.040077] Hierarchical SRCU implementation.
[    0.041792] NMI watchdog: Perf event create on CPU 0 failed with -2
[    0.044033] NMI watchdog: Perf NMI watchdog permanently disabled
[    0.045455] smp: Bringing up secondary CPUs ...
[    0.046331] x86: Booting SMP configuration:
[    0.048004] .... node  #0, CPUs:      #1
[    0.004000] kvm-clock: cpu 1, msr 0:7ff44041, secondary cpu clock
[    0.004000] mce: CPU supports 0 MCE banks
[    0.076179] smp: Brought up 1 node, 2 CPUs
[    0.080013] smpboot: Max logical packages: 1
[    0.080732] smpboot: Total of 2 processors activated (10375.98 BogoMIPS)
[    0.084199] devtmpfs: initialized
[    0.084669] x86/mm: Memory block size: 128MB
[    0.088287] evm: security.selinux
[    0.088824] evm: security.SMACK64
[    0.089319] evm: security.SMACK64EXEC
[    0.092004] evm: security.SMACK64TRANSMUTE
[    0.092583] evm: security.SMACK64MMAP
[    0.093218] evm: security.apparmor
[    0.093712] evm: security.ima
[    0.094153] evm: security.capability
[    0.094748] clocksource: jiffies: mask: 0xffffffff max_cycles: 0xffffffff, max_idle_ns: 7645041785100000 ns
[    0.096021] futex hash table entries: 512 (order: 3, 32768 bytes)
[    0.097266] pinctrl core: initialized pinctrl subsystem
[    0.098462] RTC time: 13:39:05, date: 02/23/19
[    0.100790] NET: Registered protocol family 16
[    0.102306] audit: initializing netlink subsys (disabled)
[    0.104064] audit: type=2000 audit(1550929151.100:1): state=initialized audit_enabled=0 res=1
[    0.106980] cpuidle: using governor ladder
[    0.108014] cpuidle: using governor menu
[    0.108931] ACPI: bus type PCI registered
[    0.109821] acpiphp: ACPI Hot Plug PCI Controller Driver version: 0.5
[    0.111289] PCI: Using configuration type 1 for base access
[    0.116040] HugeTLB registered 2.00 MiB page size, pre-allocated 0 pages
[    0.117158] ACPI: Added _OSI(Module Device)
[    0.120017] ACPI: Added _OSI(Processor Device)
[    0.120936] ACPI: Added _OSI(3.0 _SCP Extensions)
[    0.121885] ACPI: Added _OSI(Processor Aggregator Device)
[    0.123326] ACPI: Executed 1 blocks of module-level executable AML code
[    0.128794] ACPI: Interpreter enabled
[    0.132027] ACPI: (supports S0 S5)
[    0.132626] ACPI: Using IOAPIC for interrupt routing
[    0.133721] PCI: Using host bridge windows from ACPI; if necessary, use "pci=nocrs" and report a bug
[    0.136170] ACPI: Enabled 2 GPEs in block 00 to 07
[    0.143147] ACPI: PCI Root Bridge [PCI0] (domain 0000 [bus 00-ff])
[    0.144021] acpi PNP0A03:00: _OSC: OS supports [ASPM ClockPM Segments MSI]
[    0.145174] acpi PNP0A03:00: _OSC: not requesting OS control; OS requires [ExtendedConfig ASPM ClockPM MSI]
[    0.148031] acpi PNP0A03:00: fail to add MMCONFIG information, can't access extended PCI configuration space under this bridge.
[    0.152340] PCI host bridge to bus 0000:00
[    0.152942] pci_bus 0000:00: root bus resource [io  0x0000-0x0cf7 window]
[    0.153897] pci_bus 0000:00: root bus resource [io  0x0d00-0xffff window]
[    0.154813] pci_bus 0000:00: root bus resource [mem 0x000a0000-0x000bffff window]
[    0.156016] pci_bus 0000:00: root bus resource [mem 0x80000000-0xfdffffff window]
[    0.160007] pci_bus 0000:00: root bus resource [bus 00-ff]
[    0.163111] pci 0000:00:01.1: legacy IDE quirk: reg 0x10: [io  0x01f0-0x01f7]
[    0.164008] pci 0000:00:01.1: legacy IDE quirk: reg 0x14: [io  0x03f6]
[    0.165254] pci 0000:00:01.1: legacy IDE quirk: reg 0x18: [io  0x0170-0x0177]
[    0.166623] pci 0000:00:01.1: legacy IDE quirk: reg 0x1c: [io  0x0376]
[    0.211146] pci 0000:00:07.0: quirk: [io  0x4000-0x403f] claimed by PIIX4 ACPI
[    0.212030] pci 0000:00:07.0: quirk: [io  0x4100-0x410f] claimed by PIIX4 SMB
[    0.240801] ACPI: PCI Interrupt Link [LNKA] (IRQs 5 9 10 *11)
[    0.244325] ACPI: PCI Interrupt Link [LNKB] (IRQs 5 9 *10 11)
[    0.245429] ACPI: PCI Interrupt Link [LNKC] (IRQs 5 *9 10 11)
[    0.248116] ACPI: PCI Interrupt Link [LNKD] (IRQs 5 9 10 *11)
[    0.249497] SCSI subsystem initialized
[    0.250239] pci 0000:00:02.0: vgaarb: setting as boot VGA device
[    0.250239] pci 0000:00:02.0: vgaarb: VGA device added: decodes=io+mem,owns=io+mem,locks=none
[    0.252007] pci 0000:00:02.0: vgaarb: bridge control possible
[    0.252767] vgaarb: loaded
[    0.253212] ACPI: bus type USB registered
[    0.253831] usbcore: registered new interface driver usbfs
[    0.254571] usbcore: registered new interface driver hub
[    0.256010] usbcore: registered new device driver usb
[    0.256807] EDAC MC: Ver: 3.0.0
[    0.256807] PCI: Using ACPI for IRQ routing
[    0.256862] NetLabel: Initializing
[    0.257365] NetLabel:  domain hash size = 128
[    0.257976] NetLabel:  protocols = UNLABELED CIPSOv4 CALIPSO
[    0.260017] NetLabel:  unlabeled traffic allowed by default
[    0.260784] clocksource: Switched to clocksource kvm-clock
[    0.271243] VFS: Disk quotas dquot_6.6.0
[    0.273139] VFS: Dquot-cache hash table entries: 512 (order 0, 4096 bytes)
[    0.274417] AppArmor: AppArmor Filesystem Enabled
[    0.275283] pnp: PnP ACPI init
[    0.27676] pnp: PnP ACPI found 3 devices

[    0.328687] locksource: acpi_pm:mask:0xffffmax_cycles: 0xffffff, max_idle_ns: 2085701024 ns
[    0.458370] NET: Registered protocol family 2

[    0.459392] TCP established hash table entries: 16384 (order: 5, 131072 bytes)
[    0.473776] TCP bind hash table entries: 16384 (order: 6, 262144 bytes)
[    0475794] TCP: Hash tables configured (established 16384 bind 16384)
[    0.502106] UDP hash table entries: 1024 (order: 3, 32768 bytes)
[    0.503278] UDP-Lite hash table entries: 1024 (order: 3, 32768 bytes)
[    0.504592] NET: Registered protocol family 1
[    0.505494] pci 0000:00:00.0: Limiting direct PCI/PCI transfers
[    0.506798] pci 0000:00:01.0: Activating ISA DMA hang workarounds
[    507807] pci 0000:00:02.0: Video device with shadowed ROM at [mem 0x000c0000-0x000dffff]
[    0.554719] Unpacking initramfs...

[    0.804017] Freeing initrd memory: 18856K
[    0.810271] platform rtc_cmos: registered platform RTC device (no PNP device found)
[    0.828742] Scanning for low memory corruption every 60 seconds
[    0.830605] Initialise system trusted keyrings
[    0.831544] Key type blacklist registered
[    0.837752] workingset: timestamp_bits=36 max_order=19 bucket_order=0
[    0.839876] zbud: loaded
[    0.840758] squashfs: version 4.0 (2009/01/31) Phillip Lougher
[    0.841732] fuse init (API version 7.26)
[    0.845439] Key type asymmetric registered
[    0.846182] Asymmetric key parser 'x509' registered
[    0.847022] Block layer SCSI generic (bsg) driver version 0.4 loaded (major 246)
[    0.848373] io scheduler noop registered
[    0.849053] io scheduler deadline registered
[    0.849836] io scheduler cfq registered (default)
[    0.850945] ACPI: AC Adapter [AC] (on-line)
[    0.851703] input: Power Button as /devices/LNXSYSTM:00/LNXPWRBN:00/input/input0
[    0.858378] ACPI: Power Button [PWRF]
[    0.859019] input: Sleep Button as /devices/LNXSYSTM:00/LNXSLPBN:00/input/input1
[    0.860051] ACPI: Sleep Button [SLPF]
[    0.861483] ACPI: Battery Slot [BAT0] (battery present)
[    0.862423] Serial: 8250/16550 driver, 32 ports, IRQ sharing enabled
[    0.885231] 00:02: ttyS0 at I/O 0x3f8 (irq = 4, base_baud = 115200) is a 16550A
[    0.892208] Linux agpgart interface v0.103
[    0.894792] loop: module loaded
[    0.896204] scsi host0: ata_piix
[    0.897087] scsi host1: ata_piix
[    0.897827] ata1: PATA max UDMA/33 cmd 0x1f0 ctl 0x3f6 bmdma 0xd000 irq 14
[    0.899143] ata2: PATA max UDMA/33 cmd 0x170 ctl 0x376 bmdma 0xd008 irq 15
[    0.900662] libphy: Fixed MDIO Bus: probed
[    0.903772] tun: Universal TUN/TAP device driver, 1.6
[    0.904975] PPP generic driver version 2.4.2
[    0.905989] ehci_hcd: USB 2.0 'Enhanced' Host Controller (EHCI) Driver
[    0.907249] ehci-pci: EHCI PCI platform driver
[    0.908185] ehci-platform: EHCI generic platform driver
[    0.909233] ohci_hcd: USB 1.1 'Open' Host Controller (OHCI) Driver
[    0.910429] ohci-pci: OHCI PCI platform driver
[    0.911356] ohci-platform: OHCI generic platform driver
[    0.917620] uhci_hcd: USB Universal Host Controller Interface driver
[    0.923999] i8042: PNP: PS/2 Controller [PNP0303:PS2K,PNP0f03:PS2M] at 0x60,0x64 irq 1,12
[    0.925936] serio: i8042 KBD port at 0x60,0x64 irq 1
[    0.926929] serio: i8042 AUX port at 0x60,0x64 irq 12
[    0.928203] mousedev: PS/2 mouse device common for all mice
[    0.929834] input: AT Translated Set 2 keyboard as /devices/platform/i8042/serio0/input/input2
[    0.931865] rtc_cmos rtc_cmos: rtc core: registered rtc_cmos as rtc0
[    0.933203] rtc_cmos rtc_cmos: alarms up to one day, 114 bytes nvram
[    0.934449] i2c /dev entries driver
[    0.935261] device-mapper: uevent: version 1.0.3
[    0.936390] device-mapper: ioctl: 4.37.0-ioctl (2017-09-20) initialised: dm-devel@redhat.com
[    0.938117] ledtrig-cpu: registered to indicate activity on CPUs
[    0.939734] NET: Registered protocol family 10
[    0.944119] Segment Routing with IPv6
[    0.948811] NET: Registered protocol family 17
[    0.949798] Key type dns_resolver registered
[    0.950954] RAS: Correctable Errors collector initialized.
[    0.952077] sched_clock: Marking stable (952043666, 0)->(1383865349, -431821683)
[    0.954600] registered taskstats version 1
[    0.955482] Loading compiled-in X.509 certificates
[    0.958728] Loaded X.509 cert 'Build time autogenerated kernel key: 2bae1e8c50dcab357f42f039715f6a76c2f9c3dc'
[    0.960721] zswap: loaded using pool lzo/zbud
[    0.965371] Key type big_key registered
[    0.971203] Key type trusted registered
[    0.973448] Key type encrypted registered
[    0.974195] AppArmor: AppArmor sha1 policy hashing enabled
[    0.977272] ima: No TPM chip found, activating TPM-bypass! (rc=-19)
[    0.978692] evm: HMAC attrs: 0x1
[    0.980837]   Magic number: 7:215:686
[    0.981520] rtc_cmos rtc_cmos: setting system clock to 2019-02-23 13:39:06 UTC (1550929146)
[    0.990307] BIOS EDD facility v0.16 2004-Jun-25, 0 devices found
[    0.994809] EDD information not available.
[    1.069257] Freeing unused kernel memory: 2404K
[    1.074088] Write protecting the kernel read-only data: 20480k
[    1.078193] Freeing unused kernel memory: 2008K
[    1.083042] Freeing unused kernel memory: 1904K
[    1.089261] x86/mm: Checked W+X mappings: passed, no W+X pages found.
[    1.090529] x86/mm: Checking user space page tables
[    1.096847] x86/mm: Checked W+X mappings: passed, no W+X pages found.
Loading, please wait...
starting version 237
[    1.154697] e1000: Intel(R) PRO/1000 Network Driver - version 7.3.21-k8-NAPI
[    1.164120] e1000: Copyright (c) 1999-2006 Intel Corporation.
[    1.198907] Fusion MPT base driver 3.04.20
[    1.213623] Copyright (c) 1999-2008 LSI Corporation
[    1.261078] AVX2 version of gcm_enc/dec engaged.
[    1.263907] AES CTR mode by8 optimization enabled
[    1.316776] Fusion MPT SPI Host driver 3.04.20
[    1.393130] input: ImExPS/2 Generic Explorer Mouse as /devices/platform/i8042/serio1/input/input4
[    1.640112] e1000 0000:00:03.0 eth0: (PCI:33MHz:32-bit) 02:65:63:c3:a1:5d
[    1.644312] e1000 0000:00:03.0 eth0: Intel(R) PRO/1000 Network Connection
[    1.820048] tsc: Refined TSC clocksource calibration: 2594.105 MHz
[    1.827617] clocksource: tsc: mask: 0xffffffffffffffff max_cycles: 0x25647b4be9b, max_idle_ns: 440795242141 ns
[    2.007643] e1000 0000:00:08.0 eth1: (PCI:33MHz:32-bit) 08:00:27:9c:29:26
[    2.010495] e1000 0000:00:08.0 eth1: Intel(R) PRO/1000 Network Connection
[    2.054582] e1000 0000:00:03.0 enp0s3: renamed from eth0
[    2.056439] mptbase: ioc0: Initiating bringup
[    2.068401] e1000 0000:00:08.0 enp0s8: renamed from eth1
[    2.152567] ioc0: LSI53C1030 A0: Capabilities={Initiator}
[    2.412746] scsi host2: ioc0: LSI53C1030 A0, FwRev=00000000h, Ports=1, MaxQ=256, IRQ=20
[    2.584835] scsi 2:0:0:0: Direct-Access     VBOX     HARDDISK         1.0  PQ: 0 ANSI: 5
[    2.612192] scsi target2:0:0: Beginning Domain Validation
[    2.618332] scsi target2:0:0: Domain Validation skipping write tests
[    2.622830] scsi target2:0:0: Ending Domain Validation
[    2.625440] scsi target2:0:0: asynchronous
[    2.626925] scsi 2:0:1:0: Direct-Access     VBOX     HARDDISK         1.0  PQ: 0 ANSI: 5
[    2.792427] scsi target2:0:1: Beginning Domain Validation
[    2.814206] scsi target2:0:1: Domain Validation skipping write tests
[    2.815437] scsi target2:0:1: Ending Domain Validation
[    2.816556] scsi target2:0:1: asynchronous
[    2.821001] sd 2:0:0:0: [sda] 20971520 512-byte logical blocks: (10.7 GB/10.0 GiB)
[    2.821043] sd 2:0:0:0: Attached scsi generic sg0 type 0
[    2.821537] sd 2:0:1:0: Attached scsi generic sg1 type 0
[    2.821784] sd 2:0:1:0: [sdb] 20480 512-byte logical blocks: (10.5 MB/10.0 MiB)
[    2.821821] sd 2:0:1:0: [sdb] Write Protect is off
[    2.821908] sd 2:0:1:0: [sdb] Incomplete mode parameter data
[    2.821909] sd 2:0:1:0: [sdb] Assuming drive cache: write through
[    2.840210] sd 2:0:0:0: [sda] Write Protect is off
[    2.841713] sd 2:0:1:0: [sdb] Attached SCSI disk
[    2.842995] sd 2:0:0:0: [sda] Incomplete mode parameter data
[    2.843925] sd 2:0:0:0: [sda] Assuming drive cache: write through
[    2.846607]  sda: sda1
[    2.847872] sd 2:0:0:0: [sda] Attached SCSI disk
Begin: Loading essential drivers ... [    4.328051] raid6: sse2x1   gen() 10473 MB/s
[    4.380065] raid6: sse2x1   xor()  7203 MB/s
[    4.428025] raid6: sse2x2   gen() 12532 MB/s
[    4.476045] raid6: sse2x2   xor()  7955 MB/s
[    4.528053] raid6: sse2x4   gen() 14535 MB/s
[    4.580043] raid6: sse2x4   xor()  8984 MB/s
[    4.628051] raid6: avx2x1   gen() 20260 MB/s
[    4.684050] raid6: avx2x1   xor() 13739 MB/s
[    4.740026] raid6: avx2x2   gen() 23918 MB/s
[    4.792063] raid6: avx2x2   xor() 12889 MB/s
[    4.848039] raid6: avx2x4   gen() 21007 MB/s
[    4.896058] raid6: avx2x4   xor() 16777 MB/s
[    4.900757] raid6: using algorithm avx2x2 gen() 23918 MB/s
[    4.901635] raid6: .... xor() 12889 MB/s, rmw enabled
[    4.907795] raid6: using avx2x2 recovery algorithm
[    4.915344] xor: automatically using best checksumming function   avx       
[    4.919116] async_tx: api initialized (async)
done.
Begin: Running /scripts/init-premount ... done.
Begin: Mounting root file system ... Begin: Running /scripts/local-top ... done.
Begin: Running /scripts/local-premount ... [    4.996724] Btrfs loaded, crc32c=crc32c-intel
Scanning for Btrfs filesystems
done.
Warning: fsck no[    5.048001] EXT4-fs (sda1): INFO: recovery required on readonly filesystem
t present, so skipping root file system
[    5.051363] EXT4-fs (sda1): write access will be enabled during recovery
[    5.107043] EXT4-fs (sda1): orphan cleanup on readonly fs
[    5.109560] EXT4-fs (sda1): 3 orphan inodes deleted
[    5.111662] EXT4-fs (sda1): recovery complete
[    5.114753] EXT4-fs (sda1): mounted filesystem with ordered data mode. Opts: (null)
done.
Begin: Running /scripts/local-bottom ... done.
Begin: Running /scripts/init-bottom ... done.
[    6.141340] ip_tables: (C) 2000-2006 Netfilter Core Team
[    6.286345] systemd[1]: systemd 237 running in system mode. (+PAM +AUDIT +SELINUX +IMA +APPARMOR +SMACK +SYSVINIT +UTMP +LIBCRYPTSETUP +GCRYPT +GNUTLS +ACL +XZ +LZ4 +SECCOMP +BLKID +ELFUTILS +KMOD -IDN2 +IDN -PCRE2 default-hierarchy=hybrid)
[    6.494581] systemd[1]: Detected virtualization oracle.
[    6.495622] systemd[1]: Detected architecture x86-64.

Welcome to [1mUbuntu 18.04 LTS[0m!

[    6.559904] systemd[1]: Set hostname to <es01>.
[    6.896103] random: crng init done
[    8.267449] systemd[1]: Created slice System Slice.
[[0;32m  OK  [0m] Created slice System Slice.
[    8.270732] systemd[1]: Listening on Journal Audit Socket.
[[0;32m  OK  [0m] Listening on Journal Audit Socket.
[    8.273536] systemd[1]: Listening on Syslog Socket.
[[0;32m  OK  [0m] Listening on Syslog Socket.
[    8.276049] systemd[1]: Listening on Journal Socket (/dev/log).
[[0;32m  OK  [0m] Listening on Journal Socket (/dev/log).
[    8.314441] systemd[1]: Created slice User and Session Slice.
[[0;32m  OK  [0m] Created slice User and Session Slice.
[    8.321598] systemd[1]: Reached target Slices.
[[0;32m  OK  [0m] Reached target Slices.
[[0;32m  OK  [0m] Listening on Network Service Netlink Socket.
[[0;32m  OK  [0m] Listening on LVM2 metadata daemon socket.
[[0;32m  OK  [0m] Created slice system-serial\x2dgetty.slice.
[[0;32m  OK  [0m] Set up automount Arbitrary Executab…rmats File System Automount Point.
[[0;32m  OK  [0m] Listening on /dev/initctl Compatibility Named Pipe.
[[0;32m  OK  [0m] Reached target User and Group Name Lookups.
[[0;32m  OK  [0m] Listening on LVM2 poll daemon socket.
[[0;32m  OK  [0m] Reached target Swap.
[[0;32m  OK  [0m] Listening on udev Control Socket.
[[0;32m  OK  [0m] Listening on udev Kernel Socket.
[[0;32m  OK  [0m] Listening on Journal Socket.
         Mounting POSIX Message Queue File System...
         Starting Uncomplicated firewall...
         Mounting Huge Pages File System...
         Starting Journal Service...
         Starting Remount Root and Kernel File Systems...
         Starting udev Coldplug all Devices...
         Mounting Kernel Debug File System...
[[0;32m  OK  [0m] Started Forward Password Requests to Wall Directory Watch.
         Starting Create list of required st…ce nodes for the current kernel...
         Starting Set the console keyboard layout...
[[0;32m  OK  [0m] Reached target System Time Synchronized.
[[0;32m  OK  [0m] Listening on Device-mapper event daemon FIFOs.
         Starting Monitoring of LVM2 mirrors…ng dmeventd or progress polling...
         Starting Load Kernel Modules...
[[0;32m  OK  [0m] Started Uncomplicated firewall.
[[0;32m  OK  [0m] Started Create list of required sta…vice nodes for the current kernel.
         Starting Create Static Device Nodes in /dev...
[[0;32m  OK  [0m] Started udev Coldplug all Devices.
[[0;32m  OK  [0m] Started Journal Service.
[    9.675228] Loading iSCSI transport class v2.0-870.
[[0;32m  OK  [0m] Started Create Static Device Nodes in /dev.
[    9.809407] iscsi: registered transport (tcp)
[    9.996292] iscsi: registered transport (iser)
[[0;32m  OK  [0m] Started Load Kernel Modules.
         Mounting FUSE Control File System...
         Starting Apply Kernel Variables...
         Mounting Kernel Configuration File System...
[[0;32m  OK  [0m] Started Apply Kernel Variables.
[[0;32m  OK  [0m] Mounted POSIX Message Queue File System.
[[0;32m  OK  [0m] Mounted Huge Pages File System.
[[0;32m  OK  [0m] Mounted Kernel Debug File System.
[[0;32m  OK  [0m] Mounted FUSE Control File System.
[[0;32m  OK  [0m] Mounted Kernel Configuration File System.
[[0;32m  OK  [0m] Started Remount Root and Kernel File Systems.
         Starting Initial cloud-init job (pre-networking)...
         Starting Load/Save Random Seed...
         Starting Flush Journal to Persistent Storage...
         Starting udev Kernel Device Manager...
[[0;32m  OK  [0m] Started LVM2 metadata daemon.
[[0;32m  OK  [0m] Started Load/Save Random Seed.
[[0;32m  OK  [0m] Started Monitoring of LVM2 mirrors,…sing dmeventd or progress polling.
[[0;32m  OK  [0m] Started Flush Journal to Persistent Storage.
[[0;32m  OK  [0m] Started udev Kernel Device Manager.
[[0;32m  OK  [0m] Found device /dev/ttyS0.
[[0;32m  OK  [0m] Listening on Load/Save RF Kill Switch Status /dev/rfkill Watch.
[[0;32m  OK  [0m] Started Set the console keyboard layout.
[[0;32m  OK  [0m] Started Dispatch Password Requests to Console Directory Watch.
[[0;32m  OK  [0m] Reached target Local Encrypted Volumes.
[[0;32m  OK  [0m] Reached target Local File Systems (Pre).
[[0;32m  OK  [0m] Reached target Local File Systems.
         Starting ebtables ruleset management...
         Starting Set console font and keymap...
         Starting Create Volatile Files and Directories...
         Starting AppArmor initialization...
         Starting Tell Plymouth To Write Out Runtime Data...
[[0;32m  OK  [0m] Started Set console font and keymap.
[[0;32m  OK  [0m] Started Tell Plymouth To Write Out Runtime Data.
[[0;32m  OK  [0m] Started Create Volatile Files and Directories.
         Starting Update UTMP about System Boot/Shutdown...
[[0;32m  OK  [0m] Started Update UTMP about System Boot/Shutdown.
[[0;32m  OK  [0m] Started ebtables ruleset management.
[[0;32m  OK  [0m] Started AppArmor initialization.
[   27.226543] cloud-init[408]: Cloud-init v. 18.2 running 'init-local' at Sat, 23 Feb 2019 13:39:32 +0000. Up 26.85 seconds.
[[0;32m  OK  [0m] Started Initial cloud-init job (pre-networking).
[[0;32m  OK  [0m] Reached target Network (Pre).
         Starting Network Service...
[[0;32m  OK  [0m] Started Network Service.
         Starting Network Name Resolution...
         Starting Wait for Network to be Configured...
[[0;32m  OK  [0m] Started Network Name Resolution.
[[0;32m  OK  [0m] Reached target Host and Network Name Lookups.
[[0;32m  OK  [0m] Reached target Network.
[[0;32m  OK  [0m] Started Wait for Network to be Configured.
         Starting Initial cloud-init job (metadata service crawler)...
[   30.729013] cloud-init[862]: Cloud-init v. 18.2 running 'init' at Sat, 23 Feb 2019 13:39:35 +0000. Up 29.85 seconds.
[   30.736428] cloud-init[862]: ci-info: ++++++++++++++++++++++++++++++++++++++Net device info+++++++++++++++++++++++++++++++++++++++
[   30.738307] cloud-init[862]: ci-info: +--------+------+-----------------------------+---------------+--------+-------------------+
[   30.739972] cloud-init[862]: ci-info: | Device |  Up  |           Address           |      Mask     | Scope  |     Hw-Address    |
[   30.741649] cloud-init[862]: ci-info: +--------+------+-----------------------------+---------------+--------+-------------------+
[   30.743354] cloud-init[862]: ci-info: | enp0s3 | True |          10.0.2.15          | 255.255.255.0 | global | 02:65:63:c3:a1:5d |
[   30.745088] cloud-init[862]: ci-info: | enp0s3 | True |  fe80::65:63ff:fec3:a15d/64 |       .       |  link  | 02:65:63:c3:a1:5d |
[   30.746856] cloud-init[862]: ci-info: | enp0s8 | True |        192.168.33.100       | 255.255.255.0 | global | 08:00:27:9c:29:26 |
[   30.748533] cloud-init[862]: ci-info: | enp0s8 | True | fe80::a00:27ff:fe9c:2926/64 |       .       |  link  | 08:00:27:9c:29:26 |
[   30.753471] cloud-init[862]: ci-info: |   lo   | True |          127.0.0.1          |   255.0.0.0   |  host  |         .         |
[   30.755148] cloud-init[862]: ci-info: |   lo   | True |           ::1/128           |       .       |  host  |         .         |
[   30.756832] cloud-init[862]: ci-info: +--------+------+-----------------------------+---------------+--------+-------------------+
[   30.758491] cloud-init[862]: ci-info: +++++++++++++++++++++++++++++Route IPv4 info+++++++++++++++++++++++++++++
[   30.759937] cloud-init[862]: ci-info: +-------+--------------+----------+-----------------+-----------+-------+
[   30.761416] cloud-init[862]: ci-info: | Route | Destination  | Gateway  |     Genmask     | Interface | Flags |
[   30.762861] cloud-init[862]: ci-info: +-------+--------------+----------+-----------------+-----------+-------+
[   30.764277] cloud-init[862]: ci-info: |   0   |   0.0.0.0    | 10.0.2.2 |     0.0.0.0     |   enp0s3  |   UG  |
[   30.765665] cloud-init[862]: ci-info: |   1   |   10.0.2.0   | 0.0.0.0  |  255.255.255.0  |   enp0s3  |   U   |
[   30.769426] cloud-init[862]: ci-info: |   2   |   10.0.2.2   | 0.0.0.0  | 255.255.255.255 |   enp0s3  |   UH  |
[   30.770851] cloud-init[862]: ci-info: |   3   | 192.168.33.0 | 0.0.0.0  |  255.255.255.0  |   enp0s8  |   U   |
[   30.772294] cloud-init[862]: ci-info: +-------+--------------+----------+-----------------+-----------+-------+
[   30.773675] cloud-init[862]: ci-info: +++++++++++++++++++Route IPv6 info+++++++++++++++++++
[   30.774854] cloud-init[862]: ci-info: +-------+-------------+---------+-----------+-------+
[   30.784433] cloud-init[862]: ci-info: | Route | Destination | Gateway | Interface | Flags |
[   30.785659] cloud-init[862]: ci-info: +-------+-------------+---------+-----------+-------+
[[0;32m  OK  [0m] Started Initial cloud-init job (metadata service crawler).
[[0;32m  OK  [0m] Reached target System Initialization.
[[0;32m  OK  [0m] Listening on ACPID Listen Socket.
[   30.848720] cloud-init[862]: ci-info: |   1   |  fe80::/64  |    ::   |   enp0s8  |   U   |
[   30.873629] cloud-init[862]: ci-info: |   2   |  fe80::/64  |    ::   |   enp0s3  |   U   |
[   30.875123] cloud-init[862]: ci-info: |   4   |    local    |    ::   |   enp0s3  |   U   |
[   30.876535] cloud-init[862]: ci-info: |   5   |    local    |    ::   |   enp0s8  |   U   |
[   30.878237] cloud-init[862]: ci-info: |   6   |   ff00::/8  |    ::   |   enp0s8  |   U   |
[   30.880869] cloud-init[862]: ci-info: |   7   |   ff00::/8  |    ::   |   enp0s3  |   U   |
[   30.882661] cloud-init[862]: ci-info: +-------+-------------+---------+-----------+-------+
[[0;32m  OK  [0m] Started Message of the Day.
[[0;32m  OK  [0m] Listening on UUID daemon activation socket.
         Starting LXD - unix socket.
[[0;32m  OK  [0m] Started ACPI Events Check.
[[0;32m  OK  [0m] Reached target Paths.
[[0;32m  OK  [0m] Started Daily apt download activities.
[[0;32m  OK  [0m] Started Daily apt upgrade and clean activities.
[[0;32m  OK  [0m] Started Daily Cleanup of Temporary Directories.
[[0;32m  OK  [0m] Listening on D-Bus System Message Bus Socket.
         Starting Socket activation for snappy daemon.
[[0;32m  OK  [0m] Started Discard unused blocks once a week.
[[0;32m  OK  [0m] Reached target Timers.
[[0;32m  OK  [0m] Reached target Network is Online.
         Starting iSCSI initiator daemon (iscsid)...
[[0;32m  OK  [0m] Reached target Cloud-config availability.
[[0;32m  OK  [0m] Listening on LXD - unix socket.
[[0;32m  OK  [0m] Listening on Socket activation for snappy daemon.
[[0;32m  OK  [0m] Reached target Sockets.
[[0;32m  OK  [0m] Reached target Basic System.
         Starting LXD - container startup/shutdown...
[[0;32m  OK  [0m] Started Regular background program processing daemon.
[[0;32m  OK  [0m] Started Deferred execution scheduler.
[[0;32m  OK  [0m] Started irqbalance daemon.
[[0;32m  OK  [0m] Started D-Bus System Message Bus.
         Starting System Logging Service...
         Starting Accounts Service...
         Starting OpenBSD Secure Shell server...
[[0;32m  OK  [0m] Started FUSE filesystem for LXC.
         Starting Apply the settings specified in cloud-config...
[[0;32m  OK  [0m] Started Unattended Upgrades Shutdown.
         Starting LSB: Record successful boot for GRUB...
         Starting Virtualbox guest utils...
         Starting Dispatcher daemon for systemd-networkd...
         Starting Login Service...
         Starting Discard unused blocks...
         Starting Snappy daemon...
[[0;32m  OK  [0m] Started System Logging Service.
[[0;32m  OK  [0m] Started Discard unused blocks.
[[0;32m  OK  [0m] Started Login Service.
         Starting Authorization Manager...
[[0;32m  OK  [0m] Started iSCSI initiator daemon (iscsid).
         Starting Availability of block devices...
[[0;32m  OK  [0m] Reached target Remote File Systems (Pre).
[[0;32m  OK  [0m] Reached target Remote File Systems.
         Starting LSB: automatic crash report generation...
         Starting Permit User Sessions...
[[0;32m  OK  [0m] Started Availability of block devices.
[[0;32m  OK  [0m] Started Permit User Sessions.
         Starting Hold until boot process finishes up...
         Starting Terminate Plymouth Boot Screen...
[[0;32m  OK  [0m] Started LSB: Record successful boot for GRUB.
[[0;32m  OK  [0m] Started Hold until boot process finishes up.
[[0;32m  OK  [0m] Started Terminate Plymouth Boot Screen.
         Starting Set console scheme...
[[0;32m  OK  [0m] Started Serial Getty on ttyS0.
[[0;32m  OK  [0m] Started Set console scheme.
[[0;32m  OK  [0m] Created slice system-getty.slice.
[[0;32m  OK  [0m] Started Getty on tty1.
[[0;32m  OK  [0m] Reached target Login Prompts.
[   33.757636] cloud-init[1071]: Cloud-init v. 18.2 running 'modules:config' at Sat, 23 Feb 2019 13:39:37 +0000. Up 32.36 seconds.
[[0;32m  OK  [0m] Started Authorization Manager.
[[0;32m  OK  [0m] Started Accounts Service.
[[0;32m  OK  [0m] Started Apply the settings specified in cloud-config.
[[0;32m  OK  [0m] Started OpenBSD Secure Shell server.
[[0;32m  OK  [0m] Started LSB: automatic crash report generation.
[[0;32m  OK  [0m] Started Virtualbox guest utils.
[[0;32m  OK  [0m] Started Dispatcher daemon for systemd-networkd.
[[0;32m  OK  [0m] Created slice User Slice of vagrant.
[[0;32m  OK  [0m] Started LXD - container startup/shutdown.
[[0;32m  OK  [0m] Started Session 1 of user vagrant.
         Starting User Manager for UID 1000...
[[0;32m  OK  [0m] Started Snappy daemon.
         Starting Wait until snapd is fully seeded...
[[0;32m  OK  [0m] Started Wait until snapd is fully seeded.
[[0;32m  OK  [0m] Reached target Multi-User System.
[[0;32m  OK  [0m] Reached target Graphical Interface.
         Starting Update UTMP about System Runlevel Changes...
         Starting Execute cloud user/final scripts...
[[0;32m  OK  [0m] Started Update UTMP about System Runlevel Changes.
[[0;32m  OK  [0m] Started User Manager for UID 1000.
[   37.660824] cloud-init[1485]: Cloud-init v. 18.2 running 'modules:final' at Sat, 23 Feb 2019 13:39:42 +0000. Up 37.36 seconds.
[   37.675612] cloud-init[1485]: Cloud-init v. 18.2 finished at Sat, 23 Feb 2019 13:39:43 +0000. Datasource DataSourceNoCloud [seed=/dev/sdb][dsmode=net].  Up 37.65 seconds
[[0;32m  OK  [0m] Started Execute cloud user/final scripts.
         Starting Daily apt download activities...
[[0;32m  OK  [0m] Reached target Cloud-init target.

Ubuntu 18.04 LTS es01 ttyS0

es01 login: 